<?xml version="1.0" encoding="UTF-8"?>
<testsuite xmlns:xsi="http://www.w3.org/2001/XMLSchema-instance" xsi:noNamespaceSchemaLocation="https://maven.apache.org/surefire/maven-surefire-plugin/xsd/surefire-test-report-3.0.xsd" version="3.0" name="search feature" time="50.437" tests="2" errors="0" skipped="0" failures="0">
  <properties>
[...]
</properties>
  <testcase name="user is able to open the browser, Navigate to the URL and search for product" classname="search feature" time="25.339">
    <system-out><![CDATA[
@search
Scenario: user is able to open the browser, Navigate to the URL and search for product &amp#27;[90m# src/test/resource/features/search.feature:6&amp#27;[0m

    Browser navigated to the URL ; https://amazon.in

  &amp#27;[32mGiven &amp#27;[0m&amp#27;[32mUser navigated to the Home Application URL&amp#27;[0m                                     &amp#27;[90m# stepDefs.StepDefs1.user_navigated_to_the_home_application_url()&amp#27;[0m

    product search :Laptop

  &amp#27;[32mWhen &amp#27;[0m&amp#27;[32mUser Search For Product &amp#27;[0m&amp#27;[32m&amp#27;[1m"Laptop"&amp#27;[0m                                                &amp#27;[90m# stepDefs.StepDefs1.user_search_for_product(java.lang.String)&amp#27;[0m
  &amp#27;[32mThen &amp#27;[0m&amp#27;[32msearch Result Page Dispalyed&amp#27;[0m                                                    &amp#27;[90m# stepDefs.StepDefs1.search_result_page_dispalyed()&amp#27;[0m

    Test case is passed, no screen shot captured


    Browser Closed

]]></system-out>
    <system-err><![CDATA[Starting ChromeDriver 92.0.4515.43 (8c61b7e2989f2990d42f859cac71319137787cce-refs/branch-heads/4515@{#306}) on port 13101
Only local connections are allowed.
Please see https://chromedriver.chromium.org/security-considerations for suggestions on keeping ChromeDriver safe.
ChromeDriver was started successfully.
Jul 26, 2021 10:32:07 PM org.openqa.selenium.remote.ProtocolHandshake createSession
INFO: Detected dialect: W3C
]]></system-err>
  </testcase>
  <testcase name="User is able to filter the search based on price" classname="search feature" time="25.098">
    <system-out><![CDATA[
@search @search2
Scenario: User is able to filter the search based on price                          &amp#27;[90m# src/test/resource/features/search.feature:12&amp#27;[0m

    Browser navigated to the URL ; https://amazon.in

  &amp#27;[32mGiven &amp#27;[0m&amp#27;[32mUser navigated to the Home Application URL&amp#27;[0m                                  &amp#27;[90m# stepDefs.StepDefs1.user_navigated_to_the_home_application_url()&amp#27;[0m
  &amp#27;[32mWhen &amp#27;[0m&amp#27;[32mUser search for a Product as &amp#27;[0m&amp#27;[32m&amp#27;[1m"Laptop"&amp#27;[0m                                        &amp#27;[90m# stepDefs.StepDefs1.user_search_for_a_product_as(java.lang.String)&amp#27;[0m
  &amp#27;[32mWhen &amp#27;[0m&amp#27;[32mUser enters minimum as &amp#27;[0m&amp#27;[32m&amp#27;[1m"20000"&amp#27;[0m&amp#27;[32m and maximum as &amp#27;[0m&amp#27;[32m&amp#27;[1m"50000"&amp#27;[0m&amp#27;[32m in the filter criteria&amp#27;[0m &amp#27;[90m# stepDefs.StepDefs1.user_enters_minimum_as_and_maximum_as_in_the_filter_criteria(java.lang.String,java.lang.String)&amp#27;[0m
  &amp#27;[32mThen &amp#27;[0m&amp#27;[32mUser is able to see results with price between &amp#27;[0m&amp#27;[32m&amp#27;[1m"20000"&amp#27;[0m&amp#27;[32m and &amp#27;[0m&amp#27;[32m&amp#27;[1m"50000"&amp#27;[0m           &amp#27;[90m# stepDefs.StepDefs1.user_is_able_to_see_results_with_price_between_and(java.lang.String,java.lang.String)&amp#27;[0m

    Test case is passed, no screen shot captured


    Browser Closed

]]></system-out>
    <system-err><![CDATA[Starting ChromeDriver 92.0.4515.43 (8c61b7e2989f2990d42f859cac71319137787cce-refs/branch-heads/4515@{#306}) on port 18557
Only local connections are allowed.
Please see https://chromedriver.chromium.org/security-considerations for suggestions on keeping ChromeDriver safe.
ChromeDriver was started successfully.
Jul 26, 2021 10:32:27 PM org.openqa.selenium.remote.ProtocolHandshake createSession
INFO: Detected dialect: W3C
]]></system-err>
  </testcase>
</testsuite>